[2024-08-30 08:18:21] Подключение к opendata успешно!
[2024-08-30 08:21:51] Подключение к opendata успешно!
[2024-08-30 08:22:15] Подключение к opendata успешно!
[2024-08-30 08:23:18] Подключение к opendata успешно!
[2024-08-30 08:24:44] Подключение к opendata успешно!
[2024-08-30 08:26:52] Подключение к opendata успешно!
[2024-08-30 08:31:18] Запрос выполнен успешно!
[2024-08-30 08:31:27] Запрос выполнен успешно!
[2024-08-30 08:32:05] Запрос выполнен успешно!
[2024-08-30 08:32:32] Запрос выполнен успешно!
[2024-08-30 09:01:35] Подключение к opendata успешно!
[2024-08-30 09:02:09] Подключение к opendata успешно!
[2024-08-30 09:03:01] Подключение к opendata успешно!
[2024-08-30 10:34:11] Подключение к opendata успешно!
[2024-08-30 10:34:11] Подключение к niimko успешно!
[2024-08-30 10:34:11] Ошибка запроса: SQLSTATE[HY093]: Invalid parameter number: number of bound variables does not match number of tokens
[2024-08-30 10:34:11] Подключение к niimko прервано!
[2024-08-30 10:34:11] Подключение к opendata прервано!
[2024-08-30 10:35:27] Подключение к opendata успешно!
[2024-08-30 10:35:27] Подключение к niimko успешно!
[2024-08-30 10:35:27] Подключение к niimko прервано!
[2024-08-30 10:35:27] Подключение к opendata прервано!
[2024-08-30 10:36:39] Подключение к opendata успешно!
[2024-08-30 10:36:39] Подключение к niimko успешно!
[2024-08-30 10:36:39] Подключение к niimko прервано!
[2024-08-30 10:36:39] Подключение к opendata прервано!
[2024-08-30 10:36:55] Подключение к opendata успешно!
[2024-08-30 10:36:55] Подключение к niimko успешно!
[2024-08-30 10:36:55] Ошибка запроса: SQLSTATE[HY093]: Invalid parameter number: number of bound variables does not match number of tokens
[2024-08-30 10:36:55] Подключение к niimko прервано!
[2024-08-30 10:36:55] Подключение к opendata прервано!
[2024-08-30 10:37:39] Подключение к opendata успешно!
[2024-08-30 10:37:39] Подключение к niimko успешно!
[2024-08-30 10:37:39] Ошибка запроса: SQLSTATE[HY093]: Invalid parameter number: number of bound variables does not match number of tokens
[2024-08-30 10:37:39] Подключение к niimko прервано!
[2024-08-30 10:37:39] Подключение к opendata прервано!
[2024-08-30 10:38:47] Подключение к opendata успешно!
[2024-08-30 10:38:47] Подключение к niimko успешно!
[2024-08-30 10:38:47] Ошибка запроса: SQLSTATE[HY093]: Invalid parameter number: number of bound variables does not match number of tokens
[2024-08-30 10:38:47] Подключение к niimko прервано!
[2024-08-30 10:38:47] Подключение к opendata прервано!
[2024-08-30 10:39:25] Подключение к opendata успешно!
[2024-08-30 10:39:25] Подключение к niimko успешно!
[2024-08-30 10:39:25] Ошибка запроса: SQLSTATE[HY093]: Invalid parameter number: number of bound variables does not match number of tokens
[2024-08-30 10:39:25] Подключение к niimko прервано!
[2024-08-30 10:39:25] Подключение к opendata прервано!
[2024-08-30 10:43:28] Подключение к opendata успешно!
[2024-08-30 10:43:28] Подключение к niimko успешно!
[2024-08-30 10:43:28] Ошибка запроса: SQLSTATE[HY093]: Invalid parameter number: number of bound variables does not match number of tokens
[2024-08-30 10:43:28] Подключение к niimko прервано!
[2024-08-30 10:43:28] Подключение к opendata прервано!
[2024-08-30 10:44:20] Подключение к opendata успешно!
[2024-08-30 10:44:20] Подключение к niimko успешно!
[2024-08-30 10:44:20] Ошибка запроса: SQLSTATE[HY093]: Invalid parameter number: number of bound variables does not match number of tokens
[2024-08-30 10:44:20] Подключение к niimko прервано!
[2024-08-30 10:44:20] Подключение к opendata прервано!
[2024-08-30 10:46:26] Подключение к opendata успешно!
[2024-08-30 10:46:26] Подключение к niimko успешно!
[2024-08-30 10:46:26] Ошибка запроса: SQLSTATE[HY093]: Invalid parameter number: number of bound variables does not match number of tokens
[2024-08-30 10:46:26] Подключение к niimko прервано!
[2024-08-30 10:46:26] Подключение к opendata прервано!
[2024-08-30 10:48:05] Подключение к opendata успешно!
[2024-08-30 10:48:05] Подключение к niimko успешно!
[2024-08-30 10:48:05] Ошибка запроса: SQLSTATE[HY093]: Invalid parameter number: number of bound variables does not match number of tokens
[2024-08-30 10:48:05] Подключение к niimko прервано!
[2024-08-30 10:48:05] Подключение к opendata прервано!
[2024-08-30 10:49:00] Подключение к opendata успешно!
[2024-08-30 10:49:00] Подключение к niimko успешно!
[2024-08-30 10:49:00] Ошибка запроса: SQLSTATE[HY093]: Invalid parameter number: number of bound variables does not match number of tokens
[2024-08-30 10:49:00] Подключение к niimko прервано!
[2024-08-30 10:49:00] Подключение к opendata прервано!
[2024-08-30 10:51:00] Подключение к opendata успешно!
[2024-08-30 10:51:00] Подключение к niimko успешно!
[2024-08-30 10:51:00] Подключение к niimko прервано!
[2024-08-30 10:51:00] Подключение к opendata прервано!
[2024-08-30 10:52:08] Подключение к opendata успешно!
[2024-08-30 10:52:08] Подключение к niimko успешно!
[2024-08-30 10:52:30] Подключение к opendata успешно!
[2024-08-30 10:52:30] Подключение к niimko успешно!
[2024-08-30 11:11:50] Подключение к opendata успешно!
[2024-08-30 11:11:50] Подключение к niimko успешно!
[2024-08-30 11:12:07] Подключение к opendata успешно!
[2024-08-30 11:12:07] Подключение к niimko успешно!
[2024-08-30 11:15:42] Подключение к opendata успешно!
[2024-08-30 11:15:42] Подключение к niimko успешно!
[2024-08-30 11:18:13] Подключение к opendata успешно!
[2024-08-30 11:18:13] Подключение к niimko успешно!
[2024-08-30 11:21:15] Подключение к opendata успешно!
[2024-08-30 11:21:15] Подключение к niimko успешно!
[2024-08-30 11:24:56] Подключение к opendata успешно!
[2024-08-30 11:24:56] Подключение к niimko успешно!
[2024-08-30 11:25:20] Подключение к opendata успешно!
[2024-08-30 11:25:20] Подключение к niimko успешно!
[2024-08-30 11:25:20] Подключение к niimko прервано!
[2024-08-30 11:25:20] Подключение к opendata прервано!
[2024-08-30 11:28:13] Подключение к opendata успешно!
[2024-08-30 11:28:13] Подключение к niimko успешно!
[2024-08-30 11:28:13] Подключение к niimko прервано!
[2024-08-30 11:28:13] Подключение к opendata прервано!
[2024-08-30 11:30:28] Подключение к opendata успешно!
[2024-08-30 11:30:28] Подключение к niimko успешно!
[2024-08-30 11:30:29] Подключение к niimko прервано!
[2024-08-30 11:30:29] Подключение к opendata прервано!
[2024-08-30 11:30:53] Подключение к opendata успешно!
[2024-08-30 11:30:53] Подключение к niimko успешно!
[2024-08-30 11:30:53] Подключение к niimko прервано!
[2024-08-30 11:30:53] Подключение к opendata прервано!
[2024-08-30 11:31:36] Подключение к opendata успешно!
[2024-08-30 11:31:36] Подключение к niimko успешно!
[2024-08-30 11:31:37] Подключение к niimko прервано!
[2024-08-30 11:31:37] Подключение к opendata прервано!
[2024-08-30 11:38:57] Подключение к opendata успешно!
[2024-08-30 11:38:57] Подключение к niimko успешно!
[2024-08-30 11:38:57] Подключение к niimko прервано!
[2024-08-30 11:38:57] Подключение к opendata прервано!
[2024-08-30 11:39:16] Подключение к opendata успешно!
[2024-08-30 11:39:16] Подключение к niimko успешно!
[2024-08-30 11:39:16] Подключение к niimko прервано!
[2024-08-30 11:39:16] Подключение к opendata прервано!
[2024-08-30 11:39:21] Подключение к opendata успешно!
[2024-08-30 11:39:21] Подключение к niimko успешно!
[2024-08-30 11:39:22] Подключение к niimko прервано!
[2024-08-30 11:39:22] Подключение к opendata прервано!
[2024-08-30 11:40:32] Подключение к opendata успешно!
[2024-08-30 11:40:32] Подключение к niimko успешно!
[2024-08-30 11:40:32] Подключение к niimko прервано!
[2024-08-30 11:40:32] Подключение к opendata прервано!
[2024-08-30 11:40:45] Подключение к opendata успешно!
[2024-08-30 11:40:45] Подключение к niimko успешно!
[2024-08-30 11:40:46] Подключение к niimko прервано!
[2024-08-30 11:40:46] Подключение к opendata прервано!
[2024-08-30 11:40:54] Подключение к opendata успешно!
[2024-08-30 11:40:54] Подключение к niimko успешно!
[2024-08-30 11:40:54] Подключение к niimko прервано!
[2024-08-30 11:40:54] Подключение к opendata прервано!
[2024-08-30 11:41:16] Подключение к opendata успешно!
[2024-08-30 11:41:16] Подключение к niimko успешно!
[2024-08-30 11:41:17] Подключение к niimko прервано!
[2024-08-30 11:41:17] Подключение к opendata прервано!
[2024-08-30 11:43:49] Подключение к opendata успешно!
[2024-08-30 11:43:49] Подключение к niimko успешно!
[2024-08-30 11:43:49] Подключение к niimko прервано!
[2024-08-30 11:43:49] Подключение к opendata прервано!
[2024-08-30 11:44:30] Подключение к opendata успешно!
[2024-08-30 11:44:30] Подключение к niimko успешно!
[2024-08-30 11:44:30] Подключение к niimko прервано!
[2024-08-30 11:44:30] Подключение к opendata прервано!
[2024-08-30 11:44:44] Подключение к opendata успешно!
[2024-08-30 11:44:44] Подключение к niimko успешно!
[2024-08-30 11:44:45] Подключение к niimko прервано!
[2024-08-30 11:44:45] Подключение к opendata прервано!
[2024-08-30 11:45:05] Подключение к opendata успешно!
[2024-08-30 11:45:05] Подключение к niimko успешно!
[2024-08-30 11:45:06] Подключение к niimko прервано!
[2024-08-30 11:45:06] Подключение к opendata прервано!
[2024-08-30 11:50:27] Подключение к opendata успешно!
[2024-08-30 11:50:27] Подключение к niimko успешно!
[2024-08-30 11:50:28] Подключение к niimko прервано!
[2024-08-30 11:50:28] Подключение к opendata прервано!
[2024-08-30 11:52:01] Подключение к opendata успешно!
[2024-08-30 11:52:01] Подключение к niimko успешно!
[2024-08-30 11:52:01] Подключение к niimko прервано!
[2024-08-30 11:52:01] Подключение к opendata прервано!
[2024-08-30 11:52:21] Подключение к opendata успешно!
[2024-08-30 11:52:21] Подключение к niimko успешно!
[2024-08-30 11:52:21] Подключение к niimko прервано!
[2024-08-30 11:52:21] Подключение к opendata прервано!
[2024-08-30 11:52:33] Подключение к opendata успешно!
[2024-08-30 11:52:33] Подключение к niimko успешно!
[2024-08-30 11:52:34] Подключение к niimko прервано!
[2024-08-30 11:52:34] Подключение к opendata прервано!
[2024-08-30 11:52:59] Подключение к opendata успешно!
[2024-08-30 11:52:59] Подключение к niimko успешно!
[2024-08-30 11:53:00] Подключение к niimko прервано!
[2024-08-30 11:53:00] Подключение к opendata прервано!
[2024-08-30 11:53:35] Подключение к opendata успешно!
[2024-08-30 11:53:35] Подключение к niimko успешно!
[2024-08-30 11:53:37] Подключение к niimko прервано!
[2024-08-30 11:53:37] Подключение к opendata прервано!
[2024-08-30 11:54:59] Подключение к opendata успешно!
[2024-08-30 11:54:59] Подключение к niimko успешно!
[2024-08-30 11:55:11] Подключение к niimko прервано!
[2024-08-30 11:55:11] Подключение к opendata прервано!
[2024-08-30 12:03:49] Подключение к opendata успешно!
[2024-08-30 12:03:49] Подключение к niimko успешно!
[2024-08-30 12:03:49] Подключение к niimko прервано!
[2024-08-30 12:03:49] Подключение к opendata прервано!
[2024-08-30 12:04:27] Подключение к opendata успешно!
[2024-08-30 12:04:27] Подключение к niimko успешно!
[2024-08-30 12:04:27] Подключение к niimko прервано!
[2024-08-30 12:04:27] Подключение к opendata прервано!
[2024-08-30 12:05:07] Подключение к opendata успешно!
[2024-08-30 12:05:07] Подключение к niimko успешно!
[2024-08-30 12:05:07] Подключение к niimko прервано!
[2024-08-30 12:05:07] Подключение к opendata прервано!
[2024-08-30 12:05:27] Подключение к opendata успешно!
[2024-08-30 12:05:27] Подключение к niimko успешно!
[2024-08-30 12:05:27] Подключение к niimko прервано!
[2024-08-30 12:05:27] Подключение к opendata прервано!
[2024-08-30 12:05:42] Подключение к opendata успешно!
[2024-08-30 12:05:42] Подключение к niimko успешно!
[2024-08-30 12:05:42] Подключение к niimko прервано!
[2024-08-30 12:05:42] Подключение к opendata прервано!
[2024-08-30 12:06:03] Подключение к opendata успешно!
[2024-08-30 12:06:03] Подключение к niimko успешно!
[2024-08-30 12:06:03] Подключение к niimko прервано!
[2024-08-30 12:06:03] Подключение к opendata прервано!
[2024-08-30 12:06:43] Подключение к opendata успешно!
[2024-08-30 12:06:43] Подключение к niimko успешно!
[2024-08-30 12:06:43] Подключение к niimko прервано!
[2024-08-30 12:06:43] Подключение к opendata прервано!
[2024-08-30 12:07:17] Подключение к opendata успешно!
[2024-08-30 12:07:17] Подключение к niimko успешно!
[2024-08-30 12:07:18] Подключение к niimko прервано!
[2024-08-30 12:07:18] Подключение к opendata прервано!
[2024-08-30 12:08:20] Подключение к opendata успешно!
[2024-08-30 12:08:20] Подключение к niimko успешно!
[2024-08-30 12:08:32] Подключение к niimko прервано!
[2024-08-30 12:08:32] Подключение к opendata прервано!
[2024-08-30 12:10:38] Подключение к opendata успешно!
[2024-08-30 12:10:38] Подключение к niimko успешно!
[2024-08-30 12:25:09] Подключение к opendata успешно!
[2024-08-30 12:26:31] Подключение к opendata успешно!
[2024-08-30 12:26:31] Подключение к opendata прервано!
[2024-08-30 12:27:52] Подключение к opendata успешно!
[2024-08-30 12:27:53] Подключение к opendata прервано!
[2024-08-30 12:28:53] Подключение к opendata успешно!
[2024-08-30 12:36:58] Подключение к opendata успешно!
[2024-08-30 12:36:58] Подключение к opendata прервано!
[2024-08-30 12:46:03] Подключение к opendata успешно!
[2024-08-30 12:46:03] Подключение к niimko успешно!
[2024-08-30 13:03:28] Подключение к opendata успешно!
[2024-08-30 13:03:28] Подключение к niimko успешно!
[2024-08-30 13:03:31] Подключение к niimko прервано!
[2024-08-30 13:03:31] Подключение к opendata прервано!
[2024-08-30 13:03:46] Подключение к opendata успешно!
[2024-08-30 13:03:46] Подключение к niimko успешно!
[2024-08-30 13:03:46] Подключение к niimko прервано!
[2024-08-30 13:03:46] Подключение к opendata прервано!
[2024-08-30 13:04:50] Подключение к opendata успешно!
[2024-08-30 13:04:50] Подключение к niimko успешно!
[2024-08-30 13:04:51] Подключение к niimko прервано!
[2024-08-30 13:04:51] Подключение к opendata прервано!
[2024-08-30 13:05:13] Подключение к opendata успешно!
[2024-08-30 13:05:13] Подключение к niimko успешно!
[2024-08-30 13:05:14] Подключение к niimko прервано!
[2024-08-30 13:05:14] Подключение к opendata прервано!
[2024-08-30 13:05:24] Подключение к opendata успешно!
[2024-08-30 13:05:24] Подключение к niimko успешно!
[2024-08-30 13:05:25] Подключение к niimko прервано!
[2024-08-30 13:05:25] Подключение к opendata прервано!
[2024-08-30 13:07:42] Подключение к opendata успешно!
[2024-08-30 13:07:42] Подключение к niimko успешно!
[2024-08-30 13:07:43] Подключение к niimko прервано!
[2024-08-30 13:07:43] Подключение к opendata прервано!
[2024-08-30 13:08:56] Подключение к opendata успешно!
[2024-08-30 13:08:56] Подключение к niimko успешно!
[2024-08-30 13:08:57] Подключение к niimko прервано!
[2024-08-30 13:08:57] Подключение к opendata прервано!
[2024-08-30 13:09:22] Подключение к opendata успешно!
[2024-08-30 13:09:22] Подключение к niimko успешно!
[2024-08-30 13:09:23] Подключение к niimko прервано!
[2024-08-30 13:09:23] Подключение к opendata прервано!
[2024-08-30 13:10:14] Подключение к opendata успешно!
[2024-08-30 13:10:14] Подключение к niimko успешно!
[2024-08-30 13:10:15] Подключение к niimko прервано!
[2024-08-30 13:10:15] Подключение к opendata прервано!
[2024-08-30 13:11:20] Подключение к opendata успешно!
[2024-08-30 13:11:20] Подключение к niimko успешно!
[2024-08-30 13:11:21] Подключение к niimko прервано!
[2024-08-30 13:11:21] Подключение к opendata прервано!
[2024-08-30 13:23:25] Подключение к opendata успешно!
[2024-08-30 13:23:25] Подключение к niimko успешно!
[2024-08-30 13:23:27] Подключение к niimko прервано!
[2024-08-30 13:23:27] Подключение к opendata прервано!
[2024-08-30 13:24:15] Подключение к opendata успешно!
[2024-08-30 13:24:15] Подключение к niimko успешно!
[2024-08-30 13:24:36] Подключение к niimko прервано!
[2024-08-30 13:24:36] Подключение к opendata прервано!
[2024-08-30 13:27:36] Подключение к opendata успешно!
[2024-08-30 13:27:36] Подключение к niimko успешно!
[2024-08-30 13:27:54] Подключение к niimko прервано!
[2024-08-30 13:27:54] Подключение к opendata прервано!
[2024-08-30 13:28:49] Подключение к opendata успешно!
[2024-08-30 13:28:49] Подключение к niimko успешно!
[2024-08-30 13:29:10] Подключение к niimko прервано!
[2024-08-30 13:29:10] Подключение к opendata прервано!
[2024-08-30 13:30:08] Подключение к opendata успешно!
[2024-08-30 13:30:08] Подключение к niimko успешно!
[2024-08-30 13:30:27] Подключение к niimko прервано!
[2024-08-30 13:30:27] Подключение к opendata прервано!
[2024-08-30 13:33:06] Подключение к opendata успешно!
[2024-08-30 13:33:06] Подключение к niimko успешно!
[2024-08-30 13:33:27] Подключение к niimko прервано!
[2024-08-30 13:33:27] Подключение к opendata прервано!
[2024-08-30 13:36:44] Подключение к opendata успешно!
[2024-08-30 13:36:44] Подключение к niimko успешно!
[2024-08-30 13:36:46] Подключение к niimko прервано!
[2024-08-30 13:36:46] Подключение к opendata прервано!
[2024-08-30 13:39:35] Подключение к opendata успешно!
[2024-08-30 13:39:35] Подключение к niimko успешно!
[2024-08-30 13:39:37] Подключение к niimko прервано!
[2024-08-30 13:39:37] Подключение к opendata прервано!
[2024-08-30 13:40:48] Подключение к opendata успешно!
[2024-08-30 13:40:48] Подключение к niimko успешно!
[2024-08-30 13:40:49] Подключение к niimko прервано!
[2024-08-30 13:40:49] Подключение к opendata прервано!
[2024-08-30 13:41:31] Подключение к opendata успешно!
[2024-08-30 13:41:31] Подключение к niimko успешно!
[2024-08-30 13:41:33] Подключение к niimko прервано!
[2024-08-30 13:41:33] Подключение к opendata прервано!
[2024-08-30 13:43:46] Подключение к opendata успешно!
[2024-08-30 13:43:46] Подключение к niimko успешно!
[2024-08-30 13:43:47] Подключение к niimko прервано!
[2024-08-30 13:43:47] Подключение к opendata прервано!
[2024-08-30 13:44:36] Подключение к opendata успешно!
[2024-08-30 13:44:36] Подключение к niimko успешно!
[2024-08-30 13:44:36] Подключение к niimko прервано!
[2024-08-30 13:44:36] Подключение к opendata прервано!
[2024-08-30 13:45:16] Подключение к opendata успешно!
[2024-08-30 13:45:16] Подключение к niimko успешно!
[2024-08-30 13:45:17] Подключение к niimko прервано!
[2024-08-30 13:45:17] Подключение к opendata прервано!
[2024-08-30 13:45:42] Подключение к opendata успешно!
[2024-08-30 13:45:42] Подключение к niimko успешно!
[2024-08-30 13:46:55] Подключение к niimko прервано!
[2024-08-30 13:46:55] Подключение к opendata прервано!
[2024-08-30 13:47:13] Подключение к opendata успешно!
[2024-08-30 13:47:13] Подключение к niimko успешно!
[2024-08-30 13:47:40] Запрос выполнен успешно!
[2024-08-30 13:48:00] Подключение к niimko прервано!
[2024-08-30 13:48:00] Подключение к opendata прервано!
[2024-08-30 13:49:07] Подключение к opendata успешно!
[2024-08-30 13:49:07] Подключение к niimko успешно!
[2024-08-30 13:56:39] Подключение к niimko прервано!
[2024-08-30 13:56:39] Подключение к opendata прервано!
[2024-08-30 13:57:24] Подключение к opendata успешно!
[2024-08-30 13:57:24] Подключение к niimko успешно!
[2024-08-30 14:09:52] Ошибка запроса:SQLSTATE[HY000]: General error: 2006 MySQL server has gone away
[2024-08-30 14:12:38] Подключение к opendata успешно!
[2024-08-30 14:12:38] Подключение к niimko успешно!
[2024-08-30 14:12:43] Подключение к niimko прервано!
[2024-08-30 14:12:43] Подключение к opendata прервано!
[2024-08-30 14:13:14] Подключение к opendata успешно!
[2024-08-30 14:13:14] Подключение к niimko успешно!
[2024-08-30 14:13:19] Подключение к niimko прервано!
[2024-08-30 14:13:19] Подключение к opendata прервано!
[2024-08-30 14:14:06] Подключение к opendata успешно!
[2024-08-30 14:14:06] Подключение к niimko успешно!
[2024-08-30 14:14:12] Подключение к niimko прервано!
[2024-08-30 14:14:12] Подключение к opendata прервано!
[2024-08-30 14:14:56] Подключение к opendata успешно!
[2024-08-30 14:14:56] Подключение к niimko успешно!
[2024-08-30 14:15:01] Подключение к niimko прервано!
[2024-08-30 14:15:01] Подключение к opendata прервано!
[2024-08-30 14:15:21] Подключение к opendata успешно!
[2024-08-30 14:15:21] Подключение к niimko успешно!
[2024-08-30 14:15:26] Подключение к niimko прервано!
[2024-08-30 14:15:26] Подключение к opendata прервано!
[2024-08-30 14:16:45] Подключение к opendata успешно!
[2024-08-30 14:16:45] Подключение к niimko успешно!
[2024-08-30 14:16:49] Подключение к niimko прервано!
[2024-08-30 14:16:49] Подключение к opendata прервано!
[2024-08-30 14:17:14] Подключение к opendata успешно!
[2024-08-30 14:17:14] Подключение к niimko успешно!
[2024-08-30 14:17:20] Подключение к niimko прервано!
[2024-08-30 14:17:20] Подключение к opendata прервано!
[2024-08-30 14:18:02] Подключение к opendata успешно!
[2024-08-30 14:18:02] Подключение к niimko успешно!
[2024-08-30 14:18:09] Запрос выполнен успешно!
[2024-08-30 15:06:13] Подключение к niimko прервано!
[2024-08-30 15:06:13] Подключение к opendata прервано!
[2024-09-02 05:42:07] Подключение к opendata успешно!
[2024-09-02 05:42:07] Подключение к niimko успешно!
[2024-09-02 05:42:07] Подключение к niimko прервано!
[2024-09-02 05:42:07] Подключение к opendata прервано!
[2024-09-02 05:43:03] Подключение к opendata успешно!
[2024-09-02 05:43:03] Подключение к niimko успешно!
[2024-09-02 05:43:03] Подключение к niimko прервано!
[2024-09-02 05:43:03] Подключение к opendata прервано!
[2024-09-02 05:43:57] Подключение к opendata успешно!
[2024-09-02 05:43:57] Подключение к niimko успешно!
[2024-09-02 05:43:57] Подключение к niimko прервано!
[2024-09-02 05:43:57] Подключение к opendata прервано!
[2024-09-02 05:44:15] Подключение к opendata успешно!
[2024-09-02 05:44:15] Подключение к niimko успешно!
[2024-09-02 05:44:15] Подключение к niimko прервано!
[2024-09-02 05:44:15] Подключение к opendata прервано!
[2024-09-02 05:44:48] Подключение к opendata успешно!
[2024-09-02 05:44:48] Подключение к niimko успешно!
[2024-09-02 05:44:48] Подключение к niimko прервано!
[2024-09-02 05:44:48] Подключение к opendata прервано!
[2024-09-02 05:44:57] Подключение к opendata успешно!
[2024-09-02 05:44:57] Подключение к niimko успешно!
[2024-09-02 05:51:57] Подключение к opendata успешно!
[2024-09-02 05:51:57] Подключение к niimko успешно!
[2024-09-02 05:56:11] Подключение к opendata успешно!
[2024-09-02 05:56:11] Подключение к niimko успешно!
[2024-09-02 05:56:11] Подключение к niimko прервано!
[2024-09-02 05:56:11] Подключение к opendata прервано!
[2024-09-02 05:56:41] Подключение к opendata успешно!
[2024-09-02 05:56:41] Подключение к niimko успешно!
[2024-09-02 05:57:01] Запрос выполнен успешно!
[2024-09-02 06:05:16] Подключение к niimko прервано!
[2024-09-02 06:05:16] Подключение к opendata прервано!
[2024-09-02 06:06:34] Подключение к opendata успешно!
[2024-09-02 06:06:34] Подключение к niimko успешно!
[2024-09-02 06:07:09] Подключение к opendata успешно!
[2024-09-02 06:07:09] Подключение к niimko успешно!
[2024-09-02 06:13:31] Подключение к niimko прервано!
[2024-09-02 06:13:31] Подключение к opendata прервано!
[2024-09-02 06:19:19] Подключение к opendata успешно!
[2024-09-02 06:19:19] Подключение к niimko успешно!
[2024-09-02 06:33:16] Подключение к niimko прервано!
[2024-09-02 06:33:16] Подключение к opendata прервано!
[2024-09-02 06:34:44] Подключение к opendata успешно!
[2024-09-02 06:34:44] Подключение к niimko успешно!
[2024-09-02 06:44:51] Подключение к niimko прервано!
[2024-09-02 06:44:51] Подключение к opendata прервано!
[2024-09-02 06:55:53] Подключение к opendata успешно!
[2024-09-02 06:55:53] Подключение к niimko успешно!
[2024-09-02 07:05:50] Подключение к niimko прервано!
[2024-09-02 07:05:50] Подключение к opendata прервано!
[2024-09-03 06:42:02] Подключение к niimko успешно!
[2024-09-03 06:42:02] Подключение к opendata успешно!
[2024-09-03 06:42:02] Подключение к opendata прервано!
[2024-09-03 06:42:02] Подключение к niimko прервано!
[2024-09-03 06:48:26] Подключение к niimko успешно!
[2024-09-03 06:48:26] Подключение к opendata успешно!
[2024-09-03 06:48:26] Подключение к opendata прервано!
[2024-09-03 06:48:26] Подключение к niimko прервано!
[2024-09-03 06:48:45] Подключение к niimko успешно!
[2024-09-03 06:48:45] Подключение к opendata успешно!
[2024-09-03 06:48:45] Подключение к opendata прервано!
[2024-09-03 06:48:45] Подключение к niimko прервано!
[2024-09-03 06:48:56] Подключение к niimko успешно!
[2024-09-03 06:48:56] Подключение к opendata успешно!
[2024-09-03 06:48:56] Подключение к opendata прервано!
[2024-09-03 06:48:56] Подключение к niimko прервано!
[2024-09-03 06:49:59] Подключение к niimko успешно!
[2024-09-03 06:49:59] Подключение к opendata успешно!
[2024-09-03 06:50:03] Подключение к opendata прервано!
[2024-09-03 06:50:03] Подключение к niimko прервано!
[2024-09-03 06:53:05] Подключение к niimko успешно!
[2024-09-03 06:53:05] Подключение к opendata успешно!
[2024-09-03 06:53:09] Подключение к opendata прервано!
[2024-09-03 06:53:09] Подключение к niimko прервано!
[2024-09-03 06:54:18] Подключение к niimko успешно!
[2024-09-03 06:54:18] Подключение к opendata успешно!
[2024-09-03 06:54:22] Подключение к opendata прервано!
[2024-09-03 06:54:22] Подключение к niimko прервано!
[2024-09-03 06:54:43] Подключение к niimko успешно!
[2024-09-03 06:54:43] Подключение к opendata успешно!
[2024-09-03 06:54:52] Подключение к opendata прервано!
[2024-09-03 06:54:52] Подключение к niimko прервано!
[2024-09-03 06:55:40] Подключение к niimko успешно!
[2024-09-03 06:55:40] Подключение к opendata успешно!
[2024-09-03 06:55:40] Запрос выполнен успешно!
[2024-09-03 06:55:43] Запрос выполнен успешно!
[2024-09-03 06:55:46] Подключение к opendata прервано!
[2024-09-03 06:55:46] Подключение к niimko прервано!
[2024-09-03 07:02:44] Подключение к niimko успешно!
[2024-09-03 07:02:44] Подключение к opendata успешно!
[2024-09-03 07:02:44] Подключение к niimko успешно!
[2024-09-03 07:02:44] Подключение к opendata успешно!
[2024-09-03 07:02:44] Подключение к opendata прервано!
[2024-09-03 07:02:44] Подключение к niimko прервано!
[2024-09-03 07:02:44] Подключение к opendata прервано!
[2024-09-03 07:02:44] Подключение к niimko прервано!
[2024-09-03 07:03:23] Подключение к niimko успешно!
[2024-09-03 07:03:23] Подключение к opendata успешно!
[2024-09-03 07:03:23] Подключение к niimko успешно!
[2024-09-03 07:03:23] Подключение к opendata успешно!
[2024-09-03 07:03:23] Подключение к opendata прервано!
[2024-09-03 07:03:23] Подключение к niimko прервано!
[2024-09-03 07:03:23] Подключение к opendata прервано!
[2024-09-03 07:03:23] Подключение к niimko прервано!
[2024-09-03 07:14:45] Подключение к niimko успешно!
[2024-09-03 07:14:45] Подключение к opendata успешно!
[2024-09-03 07:14:45] Подключение к niimko успешно!
[2024-09-03 07:14:45] Подключение к opendata успешно!
[2024-09-03 07:14:45] Подключение к opendata прервано!
[2024-09-03 07:14:45] Подключение к niimko прервано!
[2024-09-03 07:14:45] Подключение к opendata прервано!
[2024-09-03 07:14:45] Подключение к niimko прервано!
[2024-09-03 07:15:31] Подключение к niimko успешно!
[2024-09-03 07:15:31] Подключение к opendata успешно!
[2024-09-03 07:15:32] Подключение к niimko успешно!
[2024-09-03 07:15:32] Подключение к opendata успешно!
[2024-09-03 07:15:32] Подключение к opendata прервано!
[2024-09-03 07:15:32] Подключение к niimko прервано!
[2024-09-03 07:15:32] Подключение к opendata прервано!
[2024-09-03 07:15:32] Подключение к niimko прервано!
[2024-09-03 07:15:54] Подключение к niimko успешно!
[2024-09-03 07:15:54] Подключение к opendata успешно!
[2024-09-03 07:15:54] Подключение к niimko успешно!
[2024-09-03 07:15:54] Подключение к opendata успешно!
[2024-09-03 07:15:54] Подключение к opendata прервано!
[2024-09-03 07:15:54] Подключение к niimko прервано!
[2024-09-03 07:15:54] Подключение к opendata прервано!
[2024-09-03 07:15:54] Подключение к niimko прервано!
[2024-09-03 07:16:30] Подключение к niimko успешно!
[2024-09-03 07:16:30] Подключение к opendata успешно!
[2024-09-03 07:16:30] Подключение к niimko успешно!
[2024-09-03 07:16:30] Подключение к opendata успешно!
[2024-09-03 07:16:30] Подключение к opendata прервано!
[2024-09-03 07:16:30] Подключение к niimko прервано!
[2024-09-03 07:16:30] Подключение к opendata прервано!
[2024-09-03 07:16:30] Подключение к niimko прервано!
[2024-09-03 07:16:55] Подключение к niimko успешно!
[2024-09-03 07:16:55] Подключение к opendata успешно!
[2024-09-03 07:16:55] Подключение к niimko успешно!
[2024-09-03 07:16:55] Подключение к opendata успешно!
[2024-09-03 07:16:55] Подключение к opendata прервано!
[2024-09-03 07:16:55] Подключение к niimko прервано!
[2024-09-03 07:16:55] Подключение к opendata прервано!
[2024-09-03 07:16:55] Подключение к niimko прервано!
[2024-09-03 07:21:55] Подключение к niimko успешно!
[2024-09-03 07:21:55] Подключение к opendata успешно!
[2024-09-03 07:21:55] Подключение к niimko успешно!
[2024-09-03 07:21:55] Подключение к opendata успешно!
[2024-09-03 07:21:55] Запрос выполнен успешно!
[2024-09-03 07:21:55] Подключение к opendata прервано!
[2024-09-03 07:21:55] Подключение к niimko прервано!
[2024-09-03 07:21:55] Подключение к opendata прервано!
[2024-09-03 07:21:55] Подключение к niimko прервано!
[2024-09-03 07:23:08] Подключение к niimko успешно!
[2024-09-03 07:23:08] Подключение к opendata успешно!
[2024-09-03 07:23:08] Подключение к niimko успешно!
[2024-09-03 07:23:08] Подключение к opendata успешно!
[2024-09-03 07:23:08] Запрос выполнен успешно!
[2024-09-03 07:23:08] Подключение к opendata прервано!
[2024-09-03 07:23:08] Подключение к niimko прервано!
[2024-09-03 07:23:08] Подключение к opendata прервано!
[2024-09-03 07:23:08] Подключение к niimko прервано!
[2024-09-03 07:23:15] Подключение к niimko успешно!
[2024-09-03 07:23:15] Подключение к opendata успешно!
[2024-09-03 07:23:15] Подключение к niimko успешно!
[2024-09-03 07:23:15] Подключение к opendata успешно!
[2024-09-03 07:23:15] Запрос выполнен успешно!
[2024-09-03 07:23:15] Подключение к opendata прервано!
[2024-09-03 07:23:15] Подключение к niimko прервано!
[2024-09-03 07:23:15] Подключение к opendata прервано!
[2024-09-03 07:23:15] Подключение к niimko прервано!
[2024-09-03 07:24:39] Подключение к niimko успешно!
[2024-09-03 07:24:39] Подключение к opendata успешно!
[2024-09-03 07:24:39] Подключение к niimko успешно!
[2024-09-03 07:24:39] Подключение к opendata успешно!
[2024-09-03 07:24:39] Запрос выполнен успешно!
[2024-09-03 07:24:39] Подключение к opendata прервано!
[2024-09-03 07:24:39] Подключение к niimko прервано!
[2024-09-03 07:24:39] Подключение к opendata прервано!
[2024-09-03 07:24:39] Подключение к niimko прервано!
[2024-09-03 07:27:41] Подключение к niimko успешно!
[2024-09-03 07:27:41] Подключение к opendata успешно!
[2024-09-03 07:27:41] Подключение к niimko успешно!
[2024-09-03 07:27:41] Подключение к opendata успешно!
[2024-09-03 07:27:41] Подключение к opendata прервано!
[2024-09-03 07:27:41] Подключение к niimko прервано!
[2024-09-03 07:27:41] Подключение к opendata прервано!
[2024-09-03 07:27:41] Подключение к niimko прервано!
[2024-09-03 07:28:11] Подключение к niimko успешно!
[2024-09-03 07:28:11] Подключение к opendata успешно!
[2024-09-03 07:28:11] Подключение к niimko успешно!
[2024-09-03 07:28:11] Подключение к opendata успешно!
[2024-09-03 07:28:11] Подключение к opendata прервано!
[2024-09-03 07:28:11] Подключение к niimko прервано!
[2024-09-03 07:28:11] Подключение к opendata прервано!
[2024-09-03 07:28:11] Подключение к niimko прервано!
[2024-09-03 07:29:50] Подключение к niimko успешно!
[2024-09-03 07:29:50] Подключение к opendata успешно!
[2024-09-03 07:29:50] Подключение к niimko успешно!
[2024-09-03 07:29:50] Подключение к opendata успешно!
[2024-09-03 07:30:19] Подключение к niimko успешно!
[2024-09-03 07:30:19] Подключение к opendata успешно!
[2024-09-03 07:30:19] Подключение к niimko успешно!
[2024-09-03 07:30:19] Подключение к opendata успешно!
[2024-09-03 07:31:26] Подключение к niimko успешно!
[2024-09-03 07:31:26] Подключение к opendata успешно!
[2024-09-03 07:31:26] Подключение к niimko успешно!
[2024-09-03 07:31:26] Подключение к opendata успешно!
[2024-09-03 07:33:11] Подключение к niimko успешно!
[2024-09-03 07:33:11] Подключение к opendata успешно!
[2024-09-03 07:33:11] Подключение к niimko успешно!
[2024-09-03 07:33:11] Подключение к opendata успешно!
[2024-09-03 07:33:38] Подключение к niimko успешно!
[2024-09-03 07:33:38] Подключение к opendata успешно!
[2024-09-03 07:33:38] Подключение к niimko успешно!
[2024-09-03 07:33:38] Подключение к opendata успешно!
[2024-09-03 07:33:38] Подключение к opendata прервано!
[2024-09-03 07:33:38] Подключение к niimko прервано!
[2024-09-03 07:33:38] Подключение к opendata прервано!
[2024-09-03 07:33:38] Подключение к niimko прервано!
[2024-09-03 07:35:36] Подключение к niimko успешно!
[2024-09-03 07:35:36] Подключение к opendata успешно!
[2024-09-03 07:35:36] Подключение к niimko успешно!
[2024-09-03 07:35:36] Подключение к opendata успешно!
[2024-09-03 07:35:36] Подключение к opendata прервано!
[2024-09-03 07:35:36] Подключение к niimko прервано!
[2024-09-03 07:35:36] Подключение к opendata прервано!
[2024-09-03 07:35:36] Подключение к niimko прервано!
[2024-09-03 11:12:45] Подключение к niimko успешно!
[2024-09-03 11:12:45] Подключение к opendata успешно!
[2024-09-03 11:12:45] Подключение к niimko успешно!
[2024-09-03 11:12:45] Подключение к opendata успешно!
[2024-09-03 11:12:45] Подключение к opendata прервано!
[2024-09-03 11:12:45] Подключение к niimko прервано!
[2024-09-03 11:12:45] Подключение к opendata прервано!
[2024-09-03 11:12:45] Подключение к niimko прервано!
[2024-09-03 11:17:06] Подключение к niimko успешно!
[2024-09-03 11:17:06] Подключение к opendata успешно!
[2024-09-03 11:17:06] Подключение к niimko успешно!
[2024-09-03 11:17:06] Подключение к opendata успешно!
[2024-09-03 11:17:06] Подключение к opendata прервано!
[2024-09-03 11:17:06] Подключение к niimko прервано!
[2024-09-03 11:17:06] Подключение к opendata прервано!
[2024-09-03 11:17:06] Подключение к niimko прервано!
[2024-09-03 11:20:24] Подключение к niimko успешно!
[2024-09-03 11:20:24] Подключение к opendata успешно!
[2024-09-03 11:20:24] Подключение к niimko успешно!
[2024-09-03 11:20:24] Подключение к opendata успешно!
[2024-09-03 11:20:24] Запрос выполнен успешно!
[2024-09-03 11:20:24] Подключение к opendata прервано!
[2024-09-03 11:20:24] Подключение к niimko прервано!
[2024-09-03 11:20:24] Подключение к opendata прервано!
[2024-09-03 11:20:24] Подключение к niimko прервано!
[2024-09-03 11:20:39] Подключение к niimko успешно!
[2024-09-03 11:20:39] Подключение к opendata успешно!
[2024-09-03 11:20:39] Подключение к niimko успешно!
[2024-09-03 11:20:39] Подключение к opendata успешно!
[2024-09-03 11:20:39] Запрос выполнен успешно!
[2024-09-03 11:20:39] Подключение к opendata прервано!
[2024-09-03 11:20:39] Подключение к niimko прервано!
[2024-09-03 11:20:39] Подключение к opendata прервано!
[2024-09-03 11:20:39] Подключение к niimko прервано!
[2024-09-03 11:21:35] Подключение к niimko успешно!
[2024-09-03 11:21:35] Подключение к opendata успешно!
[2024-09-03 11:21:36] Подключение к niimko успешно!
[2024-09-03 11:21:36] Подключение к opendata успешно!
[2024-09-03 11:21:36] Запрос выполнен успешно!
[2024-09-03 11:21:36] Подключение к opendata прервано!
[2024-09-03 11:21:36] Подключение к niimko прервано!
[2024-09-03 11:21:36] Подключение к opendata прервано!
[2024-09-03 11:21:36] Подключение к niimko прервано!
[2024-09-03 11:22:05] Подключение к niimko успешно!
[2024-09-03 11:22:05] Подключение к opendata успешно!
[2024-09-03 11:22:05] Подключение к niimko успешно!
[2024-09-03 11:22:05] Подключение к opendata успешно!
[2024-09-03 11:22:05] Запрос выполнен успешно!
[2024-09-03 11:22:05] Подключение к opendata прервано!
[2024-09-03 11:22:05] Подключение к niimko прервано!
[2024-09-03 11:22:05] Подключение к opendata прервано!
[2024-09-03 11:22:05] Подключение к niimko прервано!
[2024-09-03 11:23:04] Подключение к niimko успешно!
[2024-09-03 11:23:04] Подключение к opendata успешно!
[2024-09-03 11:23:04] Подключение к niimko успешно!
[2024-09-03 11:23:04] Подключение к opendata успешно!
[2024-09-03 11:23:04] Запрос выполнен успешно!
[2024-09-03 11:23:04] Подключение к opendata прервано!
[2024-09-03 11:23:04] Подключение к niimko прервано!
[2024-09-03 11:23:04] Подключение к opendata прервано!
[2024-09-03 11:23:04] Подключение к niimko прервано!
[2024-09-03 11:23:42] Подключение к niimko успешно!
[2024-09-03 11:23:42] Подключение к opendata успешно!
[2024-09-03 11:23:42] Подключение к niimko успешно!
[2024-09-03 11:23:42] Подключение к opendata успешно!
[2024-09-03 11:23:42] Запрос выполнен успешно!
[2024-09-03 11:23:42] Подключение к opendata прервано!
[2024-09-03 11:23:42] Подключение к niimko прервано!
[2024-09-03 11:23:42] Подключение к opendata прервано!
[2024-09-03 11:23:42] Подключение к niimko прервано!
[2024-09-03 11:25:02] Подключение к niimko успешно!
[2024-09-03 11:25:02] Подключение к opendata успешно!
[2024-09-03 11:25:02] Подключение к niimko успешно!
[2024-09-03 11:25:02] Подключение к opendata успешно!
[2024-09-03 11:25:02] Запрос выполнен успешно!
[2024-09-03 11:25:02] Подключение к opendata прервано!
[2024-09-03 11:25:02] Подключение к niimko прервано!
[2024-09-03 11:25:02] Подключение к opendata прервано!
[2024-09-03 11:25:02] Подключение к niimko прервано!
[2024-09-03 11:26:11] Подключение к niimko успешно!
[2024-09-03 11:26:11] Подключение к opendata успешно!
[2024-09-03 11:26:11] Подключение к niimko успешно!
[2024-09-03 11:26:11] Подключение к opendata успешно!
[2024-09-03 11:26:11] Запрос выполнен успешно!
[2024-09-03 11:26:11] Подключение к opendata прервано!
[2024-09-03 11:26:11] Подключение к niimko прервано!
[2024-09-03 11:26:11] Подключение к opendata прервано!
[2024-09-03 11:26:11] Подключение к niimko прервано!
[2024-09-03 11:26:31] Подключение к niimko успешно!
[2024-09-03 11:26:31] Подключение к opendata успешно!
[2024-09-03 11:26:31] Подключение к niimko успешно!
[2024-09-03 11:26:31] Подключение к opendata успешно!
[2024-09-03 11:26:31] Запрос выполнен успешно!
[2024-09-03 11:26:31] Подключение к opendata прервано!
[2024-09-03 11:26:31] Подключение к niimko прервано!
[2024-09-03 11:26:31] Подключение к opendata прервано!
[2024-09-03 11:26:31] Подключение к niimko прервано!
[2024-09-03 11:27:02] Подключение к niimko успешно!
[2024-09-03 11:27:02] Подключение к opendata успешно!
[2024-09-03 11:27:02] Подключение к niimko успешно!
[2024-09-03 11:27:02] Подключение к opendata успешно!
[2024-09-03 11:27:02] Ошибка запроса:SQLSTATE[42000]: Syntax error or access violation: 1064 You have an error in your SQL syntax; check the manual that corresponds to your MariaDB server version for the right syntax to use near 'WHERE kod in('78',
'191',
'347',
'454',
'458',
'523',
'545',
'548',
'617',
'7...' at line 58
[2024-09-03 11:27:02] Подключение к opendata прервано!
[2024-09-03 11:27:02] Подключение к niimko прервано!
[2024-09-03 11:27:02] Подключение к opendata прервано!
[2024-09-03 11:27:02] Подключение к niimko прервано!
[2024-09-03 11:29:11] Подключение к niimko успешно!
[2024-09-03 11:29:11] Подключение к opendata успешно!
[2024-09-03 11:29:11] Подключение к niimko успешно!
[2024-09-03 11:29:11] Подключение к opendata успешно!
[2024-09-03 11:29:11] Запрос выполнен успешно!
[2024-09-03 11:29:11] Подключение к opendata прервано!
[2024-09-03 11:29:11] Подключение к niimko прервано!
[2024-09-03 11:29:11] Подключение к opendata прервано!
[2024-09-03 11:29:11] Подключение к niimko прервано!
[2024-09-03 11:29:26] Подключение к niimko успешно!
[2024-09-03 11:29:26] Подключение к opendata успешно!
[2024-09-03 11:29:26] Подключение к niimko успешно!
[2024-09-03 11:29:26] Подключение к opendata успешно!
[2024-09-03 11:29:26] Запрос выполнен успешно!
[2024-09-03 11:29:26] Подключение к opendata прервано!
[2024-09-03 11:29:26] Подключение к niimko прервано!
[2024-09-03 11:29:26] Подключение к opendata прервано!
[2024-09-03 11:29:26] Подключение к niimko прервано!
[2024-09-03 11:43:00] Подключение к niimko успешно!
[2024-09-03 11:43:00] Подключение к opendata успешно!
[2024-09-03 11:43:00] Подключение к opendata прервано!
[2024-09-03 11:43:00] Подключение к niimko прервано!
[2024-09-03 11:43:28] Подключение к niimko успешно!
[2024-09-03 11:43:28] Подключение к opendata успешно!
[2024-09-03 11:43:29] Подключение к opendata прервано!
[2024-09-03 11:43:29] Подключение к niimko прервано!
[2024-09-03 12:09:49] Подключение к niimko успешно!
[2024-09-03 12:09:49] Подключение к opendata успешно!
[2024-09-03 12:10:11] Подключение к niimko успешно!
[2024-09-03 12:10:11] Подключение к opendata успешно!
[2024-09-03 12:45:21] Подключение к niimko успешно!
[2024-09-03 12:45:21] Подключение к opendata успешно!
[2024-09-03 13:01:22] Подключение к niimko успешно!
[2024-09-03 13:01:22] Подключение к opendata успешно!
[2024-09-03 13:31:30] Подключение к niimko успешно!
[2024-09-03 13:31:30] Подключение к opendata успешно!
[2024-09-03 13:31:31] Подключение к opendata прервано!
[2024-09-03 13:31:31] Подключение к niimko прервано!
[2024-09-03 13:32:41] Подключение к niimko успешно!
[2024-09-03 13:32:41] Подключение к opendata успешно!
[2024-09-03 13:32:42] Подключение к opendata прервано!
[2024-09-03 13:32:42] Подключение к niimko прервано!
[2024-09-03 13:34:16] Подключение к niimko успешно!
[2024-09-03 13:34:16] Подключение к opendata успешно!
[2024-09-03 13:34:17] Подключение к opendata прервано!
[2024-09-03 13:34:17] Подключение к niimko прервано!
[2024-09-03 13:34:35] Подключение к niimko успешно!
[2024-09-03 13:34:35] Подключение к opendata успешно!
[2024-09-03 13:34:36] Подключение к opendata прервано!
[2024-09-03 13:34:36] Подключение к niimko прервано!
[2024-09-03 13:38:59] Подключение к niimko успешно!
[2024-09-03 13:38:59] Подключение к opendata успешно!
[2024-09-03 14:12:49] Подключение к niimko успешно!
[2024-09-03 14:12:49] Подключение к opendata успешно!
[2024-09-03 14:13:58] Подключение к niimko успешно!
[2024-09-03 14:13:58] Подключение к opendata успешно!
[2024-09-03 14:15:37] Подключение к niimko успешно!
[2024-09-03 14:15:37] Подключение к opendata успешно!
[2024-09-03 14:20:50] Подключение к niimko успешно!
[2024-09-03 14:20:50] Подключение к opendata успешно!
